<?xml version="1.0" encoding="UTF-8"?>
<!-- Generated by org.testng.reporters.JUnitXMLReporter -->
<testsuite ignored="0" hostname="SumedhKrishna" failures="0" tests="4" name="Test" time="7.227" errors="0" timestamp="2023-07-17T22:25:24 EDT">
  <testcase classname="Day8.CreateUser" name="createUser" time="3.549"/>
  <testcase classname="Day8.GetUser" name="getUser" time="1.287"/>
  <testcase classname="Day8.UpdateUser" name="updateUser" time="1.255"/>
  <testcase classname="Day8.DeleteUser" name="deleteUser" time="1.081"/>
</testsuite> <!-- Test -->
