<?xml version="1.0" encoding="UTF-8"?>
<!-- Generated by org.testng.reporters.JUnitXMLReporter -->
<testsuite ignored="0" hostname="SumedhKrishna" failures="0" tests="4" name="Test" time="6.148" errors="0" timestamp="2023-07-19T15:10:26 EDT">
  <testcase classname="Day8.CreateUser" name="createUser" time="2.894"/>
  <testcase classname="Day8.GetUser" name="getUser" time="1.13"/>
  <testcase classname="Day8.UpdateUser" name="updateUser" time="1.03"/>
  <testcase classname="Day8.DeleteUser" name="deleteUser" time="1.061"/>
</testsuite> <!-- Test -->
