<?xml version="1.0" encoding="UTF-8"?>
<testsuite xmlns:xsi="http://www.w3.org/2001/XMLSchema-instance" xsi:noNamespaceSchemaLocation="https://maven.apache.org/surefire/maven-surefire-plugin/xsd/surefire-test-report-3.0.xsd" version="3.0" name="TestSuite" time="6.512" tests="4" errors="0" skipped="0" failures="0">
  <properties>
[...]
</properties>
  <testcase name="createUser[org.testng.TestRunner@6f1de4c7](1)" classname="Day8.CreateUser" time="2.896">
    <system-out><![CDATA[3783933
]]></system-out>
    <system-err><![CDATA[SLF4J: Failed to load class "org.slf4j.impl.StaticLoggerBinder".
SLF4J: Defaulting to no-operation (NOP) logger implementation
SLF4J: See http://www.slf4j.org/codes.html#StaticLoggerBinder for further details.
]]></system-err>
  </testcase>
  <testcase name="getUser[org.testng.TestRunner@6f1de4c7](1)" classname="Day8.GetUser" time="1.132">
    <system-out><![CDATA[HTTP/1.1 200 OK
Date: Wed, 19 Jul 2023 19:10:23 GMT
Content-Type: application/json; charset=utf-8
Transfer-Encoding: chunked
Connection: keep-alive
Cache-Control: max-age=0, private, must-revalidate
etag: W/"99581c0fb7dfd1a7044305abc005a7f5"
referrer-policy: strict-origin-when-cross-origin
vary: Origin
x-content-type-options: nosniff
x-download-options: noopen
x-frame-options: SAMEORIGIN
x-permitted-cross-domain-policies: none
x-ratelimit-limit: 90
x-ratelimit-remaining: 89
x-ratelimit-reset: 1
x-request-id: c7e58322-bf19-4469-a3ff-b630b3476ee5
x-runtime: 0.057691
x-xss-protection: 0
CF-Cache-Status: DYNAMIC
Report-To: {"endpoints":[{"url":"https:\/\/a.nel.cloudflare.com\/report\/v3?s=DcvfXv%2BKrTd7RM0RCQxVVLT9tNmSWz9Swc4PJ%2F3UXV8kL4vxKpwExgxfgi2r3bvD9YB8TXJhRt4k57rA%2Fw0cW83a0GTcr6lMqZ6UqQ7KMSIaBLv6S950g274brNJarM%3D"}],"group":"cf-nel","max_age":604800}
NEL: {"success_fraction":0,"report_to":"cf-nel","max_age":604800}
Server: cloudflare
CF-RAY: 7e95439f1f5982f9-IAD
Content-Encoding: gzip
alt-svc: h3=":443"; ma=86400

{
    "id": 3783933,
    "name": "Carrol Beer V",
    "email": "gary.volkman@yahoo.com",
    "gender": "male",
    "status": "active"
}
]]></system-out>
  </testcase>
  <testcase name="updateUser[org.testng.TestRunner@6f1de4c7](1)" classname="Day8.UpdateUser" time="1.03">
    <system-out><![CDATA[HTTP/1.1 200 OK
Date: Wed, 19 Jul 2023 19:10:24 GMT
Content-Type: application/json; charset=utf-8
Transfer-Encoding: chunked
Connection: keep-alive
Cache-Control: max-age=0, private, must-revalidate
etag: W/"7f1764730bc63cfeed764efbdb0292d7"
referrer-policy: strict-origin-when-cross-origin
vary: Origin
x-content-type-options: nosniff
x-download-options: noopen
x-frame-options: SAMEORIGIN
x-permitted-cross-domain-policies: none
x-ratelimit-limit: 90
x-ratelimit-remaining: 89
x-ratelimit-reset: 1
x-request-id: d345dcd1-b34f-4c69-a640-008b74207ca1
x-runtime: 0.052628
x-xss-protection: 0
CF-Cache-Status: DYNAMIC
Report-To: {"endpoints":[{"url":"https:\/\/a.nel.cloudflare.com\/report\/v3?s=jtXh%2BIQbgtB9YVGh63GGqDW3%2FfaKP3%2Bzs43VrwyOl96MYOs9yC1BjP6pwksY1b0g%2BfhyJlayy30R%2BxvLjlViPyaJAQ63eu8yXM3Jx4EHLKqnsQT9200iGu%2BV0kN1Brg%3D"}],"group":"cf-nel","max_age":604800}
NEL: {"success_fraction":0,"report_to":"cf-nel","max_age":604800}
Server: cloudflare
CF-RAY: 7e9543a63e6e0824-IAD
Content-Encoding: gzip
alt-svc: h3=":443"; ma=86400

{
    "email": "willy.effertz@yahoo.com",
    "name": "Garland Fahey",
    "gender": "female",
    "status": "inactive",
    "id": 3783933
}
]]></system-out>
  </testcase>
  <testcase name="deleteUser[org.testng.TestRunner@6f1de4c7](1)" classname="Day8.DeleteUser" time="1.062">
    <system-out><![CDATA[HTTP/1.1 204 No Content
Date: Wed, 19 Jul 2023 19:10:25 GMT
Connection: keep-alive
Cache-Control: no-cache
referrer-policy: strict-origin-when-cross-origin
vary: Origin
x-content-type-options: nosniff
x-download-options: noopen
x-frame-options: SAMEORIGIN
x-permitted-cross-domain-policies: none
x-ratelimit-limit: 90
x-ratelimit-remaining: 89
x-ratelimit-reset: 1
x-request-id: 20bb612a-c284-428d-a099-26158ed4202f
x-runtime: 0.058714
x-xss-protection: 0
CF-Cache-Status: DYNAMIC
Report-To: {"endpoints":[{"url":"https:\/\/a.nel.cloudflare.com\/report\/v3?s=v0QV9pjqEcRZ9IqK4yF%2BiCiwpllL1YqcGozJcf8EASrNJnq%2FcjtNO2KfBK1iP2AkqOqIf329pMhJ%2F%2Bc%2FDjbIJJxYy1pZqMtWmXApPwRlCVem3gyTaCWbyd49GI2wrs4%3D"}],"group":"cf-nel","max_age":604800}
NEL: {"success_fraction":0,"report_to":"cf-nel","max_age":604800}
Server: cloudflare
CF-RAY: 7e9543ac6b6b57d3-IAD
alt-svc: h3=":443"; ma=86400
]]></system-out>
  </testcase>
</testsuite>