<?xml version="1.0" encoding="UTF-8"?>
<testng-results ignored="0" total="4" passed="4" failed="0" skipped="0">
  <reporter-output>
  </reporter-output>
  <suite started-at="2023-07-19T15:10:20 EDT" name="Suite" finished-at="2023-07-19T15:10:26 EDT" duration-ms="6148">
    <groups>
    </groups>
    <test started-at="2023-07-19T15:10:20 EDT" name="Test" finished-at="2023-07-19T15:10:26 EDT" duration-ms="6148">
      <class name="Day8.UpdateUser">
        <test-method signature="updateUser(org.testng.ITestContext)[pri:0, instance:Day8.UpdateUser@22a637e7]" started-at="2023-07-19T15:10:24 EDT" name="updateUser" finished-at="2023-07-19T15:10:25 EDT" duration-ms="1030" status="PASS">
          <params>
            <param index="0">
              <value>
                <![CDATA[org.testng.TestRunner@6f1de4c7]]>
              </value>
            </param>
          </params>
          <reporter-output>
          </reporter-output>
        </test-method> <!-- updateUser -->
      </class> <!-- Day8.UpdateUser -->
      <class name="Day8.GetUser">
        <test-method signature="getUser(org.testng.ITestContext)[pri:0, instance:Day8.GetUser@69b2283a]" started-at="2023-07-19T15:10:23 EDT" name="getUser" finished-at="2023-07-19T15:10:24 EDT" duration-ms="1130" status="PASS">
          <params>
            <param index="0">
              <value>
                <![CDATA[org.testng.TestRunner@6f1de4c7]]>
              </value>
            </param>
          </params>
          <reporter-output>
          </reporter-output>
        </test-method> <!-- getUser -->
      </class> <!-- Day8.GetUser -->
      <class name="Day8.DeleteUser">
        <test-method signature="deleteUser(org.testng.ITestContext)[pri:0, instance:Day8.DeleteUser@6fe7aac8]" started-at="2023-07-19T15:10:25 EDT" name="deleteUser" finished-at="2023-07-19T15:10:26 EDT" duration-ms="1061" status="PASS">
          <params>
            <param index="0">
              <value>
                <![CDATA[org.testng.TestRunner@6f1de4c7]]>
              </value>
            </param>
          </params>
          <reporter-output>
          </reporter-output>
        </test-method> <!-- deleteUser -->
      </class> <!-- Day8.DeleteUser -->
      <class name="Day8.CreateUser">
        <test-method signature="createUser(org.testng.ITestContext)[pri:0, instance:Day8.CreateUser@ef9296d]" started-at="2023-07-19T15:10:20 EDT" name="createUser" finished-at="2023-07-19T15:10:23 EDT" duration-ms="2894" status="PASS">
          <params>
            <param index="0">
              <value>
                <![CDATA[org.testng.TestRunner@6f1de4c7]]>
              </value>
            </param>
          </params>
          <reporter-output>
          </reporter-output>
        </test-method> <!-- createUser -->
      </class> <!-- Day8.CreateUser -->
    </test> <!-- Test -->
  </suite> <!-- Suite -->
</testng-results>
