<?xml version="1.0" encoding="UTF-8"?>
<testng-results ignored="0" total="4" passed="4" failed="0" skipped="0">
  <reporter-output>
  </reporter-output>
  <suite started-at="2023-07-17T22:25:16 EDT" name="Suite" finished-at="2023-07-17T22:25:23 EDT" duration-ms="7227">
    <groups>
    </groups>
    <test started-at="2023-07-17T22:25:16 EDT" name="Test" finished-at="2023-07-17T22:25:23 EDT" duration-ms="7227">
      <class name="Day8.UpdateUser">
        <test-method signature="updateUser(org.testng.ITestContext)[pri:0, instance:Day8.UpdateUser@5d0a1059]" started-at="2023-07-17T22:25:21 EDT" name="updateUser" finished-at="2023-07-17T22:25:22 EDT" duration-ms="1255" status="PASS">
          <params>
            <param index="0">
              <value>
                <![CDATA[org.testng.TestRunner@6c4906d3]]>
              </value>
            </param>
          </params>
          <reporter-output>
          </reporter-output>
        </test-method> <!-- updateUser -->
      </class> <!-- Day8.UpdateUser -->
      <class name="Day8.GetUser">
        <test-method signature="getUser(org.testng.ITestContext)[pri:0, instance:Day8.GetUser@c88a337]" started-at="2023-07-17T22:25:20 EDT" name="getUser" finished-at="2023-07-17T22:25:21 EDT" duration-ms="1287" status="PASS">
          <params>
            <param index="0">
              <value>
                <![CDATA[org.testng.TestRunner@6c4906d3]]>
              </value>
            </param>
          </params>
          <reporter-output>
          </reporter-output>
        </test-method> <!-- getUser -->
      </class> <!-- Day8.GetUser -->
      <class name="Day8.DeleteUser">
        <test-method signature="deleteUser(org.testng.ITestContext)[pri:0, instance:Day8.DeleteUser@485966cc]" started-at="2023-07-17T22:25:22 EDT" name="deleteUser" finished-at="2023-07-17T22:25:23 EDT" duration-ms="1081" status="PASS">
          <params>
            <param index="0">
              <value>
                <![CDATA[org.testng.TestRunner@6c4906d3]]>
              </value>
            </param>
          </params>
          <reporter-output>
          </reporter-output>
        </test-method> <!-- deleteUser -->
      </class> <!-- Day8.DeleteUser -->
      <class name="Day8.CreateUser">
        <test-method signature="createUser(org.testng.ITestContext)[pri:0, instance:Day8.CreateUser@1af2d44a]" started-at="2023-07-17T22:25:16 EDT" name="createUser" finished-at="2023-07-17T22:25:20 EDT" duration-ms="3549" status="PASS">
          <params>
            <param index="0">
              <value>
                <![CDATA[org.testng.TestRunner@6c4906d3]]>
              </value>
            </param>
          </params>
          <reporter-output>
          </reporter-output>
        </test-method> <!-- createUser -->
      </class> <!-- Day8.CreateUser -->
    </test> <!-- Test -->
  </suite> <!-- Suite -->
</testng-results>
