<?xml version="1.0" encoding="UTF-8"?>
<testng-results ignored="0" total="1" passed="1" failed="0" skipped="0">
  <reporter-output>
  </reporter-output>
  <suite started-at="2023-07-25T13:25:06 EDT" name="Default suite" finished-at="2023-07-25T13:25:08 EDT" duration-ms="1876">
    <groups>
    </groups>
    <test started-at="2023-07-25T13:25:06 EDT" name="Default test" finished-at="2023-07-25T13:25:08 EDT" duration-ms="1876">
      <class name="Day9.SOAO_API_testing">
        <test-method signature="soapAPIValidation()[pri:0, instance:Day9.SOAO_API_testing@7c24b813]" started-at="2023-07-25T13:25:06 EDT" name="soapAPIValidation" finished-at="2023-07-25T13:25:08 EDT" duration-ms="1846" status="PASS">
          <reporter-output>
          </reporter-output>
        </test-method> <!-- soapAPIValidation -->
      </class> <!-- Day9.SOAO_API_testing -->
    </test> <!-- Default test -->
  </suite> <!-- Default suite -->
</testng-results>
